# JRE version: OpenJDK Runtime Environment Corretto-21.0.2.13.1 (21.0.2+13) (build 21.0.2+13-LTS)
# Java VM: OpenJDK 64-Bit Server VM Corretto-21.0.2.13.1 (21.0.2+13-LTS, mixed mode, sharing, tiered, compressed oops, compressed class ptrs, g1 gc, windows-amd64)
GC Precious Log:
 CardTable entry size: 512
 Card Set container configuration: InlinePtr #cards 5 size 8 Array Of Cards #cards 12 size 40 Howl #buckets 4 coarsen threshold 1843 Howl Bitmap #cards 512 size 80 coarsen threshold 460 Card regions per heap region 1 cards per card region 2048
 CPUs: 16 total, 16 available
 Memory: 7896M
 Large Page Support: Disabled
 NUMA Support: Disabled
 Compressed Oops: Enabled (32-bit)
 Heap Region Size: 1M
 Heap Min Capacity: 8M
 Heap Initial Capacity: 124M
 Heap Max Capacity: 1976M
 Pre-touch: Disabled
 Parallel Workers: 13
 Concurrent Workers: 3
 Concurrent Refinement Workers: 13
 Periodic GC: Disabled
Heap:
 garbage-first heap   total 79872K, used 46287K [0x0000000084800000, 0x0000000100000000)
  region size 1024K, 20 young (20480K), 6 survivors (6144K)
 Metaspace       used 71420K, committed 72128K, reserved 1114112K
  class space    used 9671K, committed 9984K, reserved 1048576K
GC Heap History (20 events):
Event: 1.205 GC heap after
{Heap after GC invocations=2 (full 0):
 garbage-first heap   total 126976K, used 10871K [0x0000000084800000, 0x0000000100000000)
  region size 1024K, 4 young (4096K), 4 survivors (4096K)
 Metaspace       used 13823K, committed 14208K, reserved 1114112K
  class space    used 1666K, committed 1856K, reserved 1048576K
}
Event: 1.845 GC heap before
{Heap before GC invocations=2 (full 0):
 garbage-first heap   total 126976K, used 52855K [0x0000000084800000, 0x0000000100000000)
  region size 1024K, 47 young (48128K), 4 survivors (4096K)
 Metaspace       used 21140K, committed 21504K, reserved 1114112K
  class space    used 2582K, committed 2752K, reserved 1048576K
}
Event: 1.852 GC heap after
{Heap after GC invocations=3 (full 0):
 garbage-first heap   total 126976K, used 14466K [0x0000000084800000, 0x0000000100000000)
  region size 1024K, 7 young (7168K), 7 survivors (7168K)
 Metaspace       used 21140K, committed 21504K, reserved 1114112K
  class space    used 2582K, committed 2752K, reserved 1048576K
}
Event: 2.778 GC heap before
{Heap before GC invocations=4 (full 0):
 garbage-first heap   total 55296K, used 54402K [0x0000000084800000, 0x0000000100000000)
  region size 1024K, 46 young (47104K), 7 survivors (7168K)
 Metaspace       used 28033K, committed 28480K, reserved 1114112K
  class space    used 3544K, committed 3712K, reserved 1048576K
}
Event: 2.785 GC heap after
{Heap after GC invocations=5 (full 0):
 garbage-first heap   total 66560K, used 18719K [0x0000000084800000, 0x0000000100000000)
  region size 1024K, 8 young (8192K), 8 survivors (8192K)
 Metaspace       used 28033K, committed 28480K, reserved 1114112K
  class space    used 3544K, committed 3712K, reserved 1048576K
}
Event: 3.688 GC heap before
{Heap before GC invocations=5 (full 0):
 garbage-first heap   total 66560K, used 49439K [0x0000000084800000, 0x0000000100000000)
  region size 1024K, 39 young (39936K), 8 survivors (8192K)
 Metaspace       used 35404K, committed 35968K, reserved 1114112K
  class space    used 4627K, committed 4864K, reserved 1048576K
}
Event: 3.693 GC heap after
{Heap after GC invocations=6 (full 0):
 garbage-first heap   total 66560K, used 20976K [0x0000000084800000, 0x0000000100000000)
  region size 1024K, 3 young (3072K), 3 survivors (3072K)
 Metaspace       used 35404K, committed 35968K, reserved 1114112K
  class space    used 4627K, committed 4864K, reserved 1048576K
}
Event: 3.725 GC heap before
{Heap before GC invocations=6 (full 0):
 garbage-first heap   total 66560K, used 22000K [0x0000000084800000, 0x0000000100000000)
  region size 1024K, 5 young (5120K), 3 survivors (3072K)
 Metaspace       used 35715K, committed 36288K, reserved 1114112K
  class space    used 4689K, committed 4928K, reserved 1048576K
}
Event: 3.727 GC heap after
{Heap after GC invocations=7 (full 0):
 garbage-first heap   total 66560K, used 20409K [0x0000000084800000, 0x0000000100000000)
  region size 1024K, 3 young (3072K), 3 survivors (3072K)
 Metaspace       used 35715K, committed 36288K, reserved 1114112K
  class space    used 4689K, committed 4928K, reserved 1048576K
}
Event: 4.526 GC heap before
{Heap before GC invocations=8 (full 0):
 garbage-first heap   total 66560K, used 55225K [0x0000000084800000, 0x0000000100000000)
  region size 1024K, 37 young (37888K), 3 survivors (3072K)
 Metaspace       used 45451K, committed 46016K, reserved 1114112K
  class space    used 5922K, committed 6144K, reserved 1048576K
}
Event: 4.530 GC heap after
{Heap after GC invocations=9 (full 0):
 garbage-first heap   total 66560K, used 23295K [0x0000000084800000, 0x0000000100000000)
  region size 1024K, 5 young (5120K), 5 survivors (5120K)
 Metaspace       used 45451K, committed 46016K, reserved 1114112K
  class space    used 5922K, committed 6144K, reserved 1048576K
}
Event: 5.239 GC heap before
{Heap before GC invocations=9 (full 0):
 garbage-first heap   total 66560K, used 55039K [0x0000000084800000, 0x0000000100000000)
  region size 1024K, 37 young (37888K), 5 survivors (5120K)
 Metaspace       used 55380K, committed 56064K, reserved 1114112K
  class space    used 7434K, committed 7744K, reserved 1048576K
}
Event: 5.252 GC heap after
{Heap after GC invocations=10 (full 0):
 garbage-first heap   total 66560K, used 25259K [0x0000000084800000, 0x0000000100000000)
  region size 1024K, 3 young (3072K), 3 survivors (3072K)
 Metaspace       used 55380K, committed 56064K, reserved 1114112K
  class space    used 7434K, committed 7744K, reserved 1048576K
}
Event: 5.803 GC heap before
{Heap before GC invocations=10 (full 0):
 garbage-first heap   total 66560K, used 47787K [0x0000000084800000, 0x0000000100000000)
  region size 1024K, 26 young (26624K), 3 survivors (3072K)
 Metaspace       used 59967K, committed 60608K, reserved 1114112K
  class space    used 8061K, committed 8384K, reserved 1048576K
}
Event: 5.806 GC heap after
{Heap after GC invocations=11 (full 0):
 garbage-first heap   total 66560K, used 27822K [0x0000000084800000, 0x0000000100000000)
  region size 1024K, 5 young (5120K), 5 survivors (5120K)
 Metaspace       used 59967K, committed 60608K, reserved 1114112K
  class space    used 8061K, committed 8384K, reserved 1048576K
}
Event: 34.101 GC heap before
{Heap before GC invocations=12 (full 0):
 garbage-first heap   total 66560K, used 55470K [0x0000000084800000, 0x0000000100000000)
  region size 1024K, 33 young (33792K), 5 survivors (5120K)
 Metaspace       used 65930K, committed 66688K, reserved 1114112K
  class space    used 8986K, committed 9344K, reserved 1048576K
}
Event: 34.107 GC heap after
{Heap after GC invocations=13 (full 0):
 garbage-first heap   total 79872K, used 29973K [0x0000000084800000, 0x0000000100000000)
  region size 1024K, 5 young (5120K), 5 survivors (5120K)
 Metaspace       used 65930K, committed 66688K, reserved 1114112K
  class space    used 8986K, committed 9344K, reserved 1048576K
}
Event: 1629.835 GC heap before
{Heap before GC invocations=13 (full 0):
 garbage-first heap   total 79872K, used 66837K [0x0000000084800000, 0x0000000100000000)
  region size 1024K, 42 young (43008K), 5 survivors (5120K)
 Metaspace       used 71109K, committed 71872K, reserved 1114112K
  class space    used 9637K, committed 9984K, reserved 1048576K
}
Event: 1630.001 GC heap after
{Heap after GC invocations=14 (full 0):
 garbage-first heap   total 79872K, used 32975K [0x0000000084800000, 0x0000000100000000)
  region size 1024K, 6 young (6144K), 6 survivors (6144K)
 Metaspace       used 71109K, committed 71872K, reserved 1114112K
  class space    used 9637K, committed 9984K, reserved 1048576K
}
Event: 2398.249 GC heap before
{Heap before GC invocations=14 (full 0):
 garbage-first heap   total 79872K, used 46287K [0x0000000084800000, 0x0000000100000000)
  region size 1024K, 20 young (20480K), 6 survivors (6144K)
 Metaspace       used 71420K, committed 72128K, reserved 1114112K
  class space    used 9671K, committed 9984K, reserved 1048576K
}

